Loading r-rocker-ml-verse version 4.4.0+apptainer
Loading apptainer version latest

No apptainer cache directory found. To prevent apptainer from filling up your
home directory, you can create a new directory at
`/work/pi_<your_pi_name>/.apptainer/cache` and reload the module. 

==========
== CUDA ==
==========

CUDA Version 11.8.0

Container image Copyright (c) 2016-2023, NVIDIA CORPORATION & AFFILIATES. All rights reserved.

This container image and its contents are governed by the NVIDIA Deep Learning Container License.
By pulling and using the container, you accept the terms and conditions of this license:
https://developer.nvidia.com/ngc/nvidia-deep-learning-container-license

A copy of this license is made available in this container at /NGC-DL-CONTAINER-LICENSE for your convenience.

WARNING: The NVIDIA Driver was not detected.  GPU functionality will not be available.
   Use the NVIDIA Container Toolkit to start this container with GPU support; see
   https://docs.nvidia.com/datacenter/cloud-native/ .

here() starts at /work/pi_alc_umass_edu/spconway/scratch/bw
── Attaching core tidyverse packages ──────────────────────── tidyverse 2.0.0 ──
✔ dplyr     1.1.4     ✔ readr     2.1.5
✔ forcats   1.0.0     ✔ stringr   1.5.1
✔ ggplot2   3.5.1     ✔ tibble    3.2.1
✔ lubridate 1.9.3     ✔ tidyr     1.3.1
✔ purrr     1.0.2     
── Conflicts ────────────────────────────────────────── tidyverse_conflicts() ──
✖ dplyr::filter() masks stats::filter()
✖ dplyr::lag()    masks stats::lag()
ℹ Use the conflicted package (<http://conflicted.r-lib.org/>) to force all conflicts to become errors
Loading required package: StanHeaders

rstan version 2.32.6 (Stan version 2.32.2)

For execution on a local, multicore CPU with excess RAM we recommend calling
options(mc.cores = parallel::detectCores()).
To avoid recompilation of unchanged Stan programs, we recommend calling
rstan_options(auto_write = TRUE)
For within-chain threading using `reduce_sum()` or `map_rect()` Stan functions,
change `threads_per_chain` option:
rstan_options(threads_per_chain = 1)


Attaching package: ‘rstan’

The following object is masked from ‘package:tidyr’:

    extract

This is bayesplot version 1.11.1
- Online documentation and vignettes at mc-stan.org/bayesplot
- bayesplot theme set to bayesplot::theme_default()
   * Does _not_ affect other ggplot2 plots
   * See ?bayesplot_theme_set for details on theme setting
Rows: 107727 Columns: 26
── Column specification ────────────────────────────────────────────────────────
Delimiter: ","
chr  (3): bw_cond, effect, set
dbl (23): sub_n, block_n, trial_n, distance, diag, h1, w1, h2, w2, h3, w3, a...

ℹ Use `spec()` to retrieve the full column specification for this data.
ℹ Specify the column types or set `show_col_types = FALSE` to quiet this message.
`summarise()` has grouped output by 'sub_n', 'set', 'distance'. You can
override using the `.groups` argument.
Joining with `by = join_by(sub_n)`

SAMPLING FOR MODEL 'anon_model' NOW (CHAIN 1).

SAMPLING FOR MODEL 'anon_model' NOW (CHAIN 2).

SAMPLING FOR MODEL 'anon_model' NOW (CHAIN 3).

SAMPLING FOR MODEL 'anon_model' NOW (CHAIN 4).
Chain 2: 
Chain 2: Gradient evaluation took 0.008892 seconds
Chain 2: 1000 transitions using 10 leapfrog steps per transition would take 88.92 seconds.
Chain 2: Adjust your expectations accordingly!
Chain 2: 
Chain 2: 
Chain 1: 
Chain 1: Gradient evaluation took 0.008839 seconds
Chain 1: 1000 transitions using 10 leapfrog steps per transition would take 88.39 seconds.
Chain 1: Adjust your expectations accordingly!
Chain 1: 
Chain 1: 
Chain 3: 
Chain 3: Gradient evaluation took 0.008818 seconds
Chain 3: 1000 transitions using 10 leapfrog steps per transition would take 88.18 seconds.
Chain 3: Adjust your expectations accordingly!
Chain 3: 
Chain 3: 
Chain 4: 
Chain 4: Gradient evaluation took 0.008854 seconds
Chain 4: 1000 transitions using 10 leapfrog steps per transition would take 88.54 seconds.
Chain 4: Adjust your expectations accordingly!
Chain 4: 
Chain 4: 
Chain 2: Iteration:    1 / 3000 [  0%]  (Warmup)
Chain 1: Iteration:    1 / 3000 [  0%]  (Warmup)
Chain 3: Iteration:    1 / 3000 [  0%]  (Warmup)
Chain 4: Iteration:    1 / 3000 [  0%]  (Warmup)
Chain 2: Iteration:  300 / 3000 [ 10%]  (Warmup)
Chain 4: Iteration:  300 / 3000 [ 10%]  (Warmup)
Chain 1: Iteration:  300 / 3000 [ 10%]  (Warmup)
Chain 2: Iteration:  600 / 3000 [ 20%]  (Warmup)
Chain 3: Iteration:  300 / 3000 [ 10%]  (Warmup)
Chain 1: Iteration:  600 / 3000 [ 20%]  (Warmup)
Chain 4: Iteration:  600 / 3000 [ 20%]  (Warmup)
Chain 2: Iteration:  900 / 3000 [ 30%]  (Warmup)
Chain 1: Iteration:  900 / 3000 [ 30%]  (Warmup)
Chain 4: Iteration:  900 / 3000 [ 30%]  (Warmup)
Chain 1: Iteration: 1200 / 3000 [ 40%]  (Warmup)
Chain 3: Iteration:  600 / 3000 [ 20%]  (Warmup)
Chain 2: Iteration: 1200 / 3000 [ 40%]  (Warmup)
Chain 1: Iteration: 1500 / 3000 [ 50%]  (Warmup)
Chain 1: Iteration: 1501 / 3000 [ 50%]  (Sampling)
Chain 4: Iteration: 1200 / 3000 [ 40%]  (Warmup)
Chain 3: Iteration:  900 / 3000 [ 30%]  (Warmup)
Chain 1: Iteration: 1800 / 3000 [ 60%]  (Sampling)
Chain 4: Iteration: 1500 / 3000 [ 50%]  (Warmup)
Chain 4: Iteration: 1501 / 3000 [ 50%]  (Sampling)
Chain 3: Iteration: 1200 / 3000 [ 40%]  (Warmup)
Chain 1: Iteration: 2100 / 3000 [ 70%]  (Sampling)
Chain 4: Iteration: 1800 / 3000 [ 60%]  (Sampling)
Chain 3: Iteration: 1500 / 3000 [ 50%]  (Warmup)
Chain 3: Iteration: 1501 / 3000 [ 50%]  (Sampling)
Chain 4: Iteration: 2100 / 3000 [ 70%]  (Sampling)
Chain 4: Iteration: 2400 / 3000 [ 80%]  (Sampling)
Chain 1: Iteration: 2400 / 3000 [ 80%]  (Sampling)
Chain 4: Iteration: 2700 / 3000 [ 90%]  (Sampling)
Chain 2: Iteration: 1500 / 3000 [ 50%]  (Warmup)
Chain 2: Iteration: 1501 / 3000 [ 50%]  (Sampling)
Chain 4: Iteration: 3000 / 3000 [100%]  (Sampling)
Chain 4: 
Chain 4:  Elapsed Time: 993.076 seconds (Warm-up)
Chain 4:                180.827 seconds (Sampling)
Chain 4:                1173.9 seconds (Total)
Chain 4: 
Chain 3: Iteration: 1800 / 3000 [ 60%]  (Sampling)
Chain 3: Iteration: 2100 / 3000 [ 70%]  (Sampling)
Chain 1: Iteration: 2700 / 3000 [ 90%]  (Sampling)
Chain 3: Iteration: 2400 / 3000 [ 80%]  (Sampling)
Chain 1: Iteration: 3000 / 3000 [100%]  (Sampling)
Chain 1: 
Chain 1:  Elapsed Time: 910.942 seconds (Warm-up)
Chain 1:                402.123 seconds (Sampling)
Chain 1:                1313.07 seconds (Total)
Chain 1: 
Chain 3: Iteration: 2700 / 3000 [ 90%]  (Sampling)
Chain 2: Iteration: 1800 / 3000 [ 60%]  (Sampling)
Chain 3: Iteration: 3000 / 3000 [100%]  (Sampling)
Chain 3: 
Chain 3:  Elapsed Time: 1061 seconds (Warm-up)
Chain 3:                316.324 seconds (Sampling)
Chain 3:                1377.33 seconds (Total)
Chain 3: 
Chain 2: Iteration: 2100 / 3000 [ 70%]  (Sampling)
Chain 2: Iteration: 2400 / 3000 [ 80%]  (Sampling)
Chain 2: Iteration: 2700 / 3000 [ 90%]  (Sampling)
Chain 2: Iteration: 3000 / 3000 [100%]  (Sampling)
Chain 2: 
Chain 2:  Elapsed Time: 1151.5 seconds (Warm-up)
Chain 2:                646.665 seconds (Sampling)
Chain 2:                1798.17 seconds (Total)
Chain 2: 
`stat_bin()` using `bins = 30`. Pick better value with `binwidth`.
`stat_bin()` using `bins = 30`. Pick better value with `binwidth`.
`stat_bin()` using `bins = 30`. Pick better value with `binwidth`.
`stat_bin()` using `bins = 30`. Pick better value with `binwidth`.
Error in select_parameters(complete_pars = parameter_names(x), explicit = pars,  : 
  Some 'pars' don't match parameter names: b_competitor_best FALSE
In addition: Warning messages:
1: There were 4 chains where the estimated Bayesian Fraction of Missing Information was low. See
https://mc-stan.org/misc/warnings.html#bfmi-low 
2: Examine the pairs() plot to diagnose sampling problems
 
3: The largest R-hat is NA, indicating chains have not mixed.
Running the chains for more iterations may help. See
https://mc-stan.org/misc/warnings.html#r-hat 
4: Bulk Effective Samples Size (ESS) is too low, indicating posterior means and medians may be unreliable.
Running the chains for more iterations may help. See
https://mc-stan.org/misc/warnings.html#bulk-ess 
5: Tail Effective Samples Size (ESS) is too low, indicating posterior variances and tail quantiles may be unreliable.
Running the chains for more iterations may help. See
https://mc-stan.org/misc/warnings.html#tail-ess 
Error in select_parameters(complete_pars = parameter_names(x), explicit = pars,  : 
  Some 'pars' don't match parameter names: b_competitor_best FALSE
Error in select_parameters(complete_pars = parameter_names(x), explicit = pars,  : 
  Some 'pars' don't match parameter names: b_competitor_best FALSE
Error in select_parameters(complete_pars = parameter_names(x), explicit = pars,  : 
  Some 'pars' don't match parameter names: b_competitor_best FALSE
Error in select_parameters(complete_pars = parameter_names(x), explicit = pars,  : 
  Some 'pars' don't match parameter names: b_decoy_best FALSE
Error in select_parameters(complete_pars = parameter_names(x), explicit = pars,  : 
  Some 'pars' don't match parameter names: b_decoy_best FALSE
Error in select_parameters(complete_pars = parameter_names(x), explicit = pars,  : 
  Some 'pars' don't match parameter names: b_decoy_best FALSE
Error in select_parameters(complete_pars = parameter_names(x), explicit = pars,  : 
  Some 'pars' don't match parameter names: b_decoy_best FALSE
Error in select_parameters(complete_pars = parameter_names(x), explicit = pars,  : 
  Some 'pars' don't match parameter names: b_competitor_worst FALSE
Error in select_parameters(complete_pars = parameter_names(x), explicit = pars,  : 
  Some 'pars' don't match parameter names: b_competitor_worst FALSE
Error in select_parameters(complete_pars = parameter_names(x), explicit = pars,  : 
  Some 'pars' don't match parameter names: b_competitor_worst FALSE
Error in select_parameters(complete_pars = parameter_names(x), explicit = pars,  : 
  Some 'pars' don't match parameter names: b_competitor_worst FALSE
Error in select_parameters(complete_pars = parameter_names(x), explicit = pars,  : 
  Some 'pars' don't match parameter names: b_decoy_worst FALSE
Error in select_parameters(complete_pars = parameter_names(x), explicit = pars,  : 
  Some 'pars' don't match parameter names: b_decoy_worst FALSE
Error in select_parameters(complete_pars = parameter_names(x), explicit = pars,  : 
  Some 'pars' don't match parameter names: b_decoy_worst FALSE
Error in select_parameters(complete_pars = parameter_names(x), explicit = pars,  : 
  Some 'pars' don't match parameter names: b_decoy_worst FALSE
Error in select_parameters(complete_pars = parameter_names(x), explicit = pars,  : 
  Some 'pars' don't match parameter names: b_competitor_best_x_distance2 FALSE
Error in select_parameters(complete_pars = parameter_names(x), explicit = pars,  : 
  Some 'pars' don't match parameter names: b_competitor_best_x_distance2 FALSE
Error in select_parameters(complete_pars = parameter_names(x), explicit = pars,  : 
  Some 'pars' don't match parameter names: b_competitor_best_x_distance2 FALSE
Error in select_parameters(complete_pars = parameter_names(x), explicit = pars,  : 
  Some 'pars' don't match parameter names: b_competitor_best_x_distance2 FALSE
Error in select_parameters(complete_pars = parameter_names(x), explicit = pars,  : 
  Some 'pars' don't match parameter names: b_competitor_best_x_distance5 FALSE
Error in select_parameters(complete_pars = parameter_names(x), explicit = pars,  : 
  Some 'pars' don't match parameter names: b_competitor_best_x_distance5 FALSE
Error in select_parameters(complete_pars = parameter_names(x), explicit = pars,  : 
  Some 'pars' don't match parameter names: b_competitor_best_x_distance5 FALSE
Error in select_parameters(complete_pars = parameter_names(x), explicit = pars,  : 
  Some 'pars' don't match parameter names: b_competitor_best_x_distance5 FALSE
Error in select_parameters(complete_pars = parameter_names(x), explicit = pars,  : 
  Some 'pars' don't match parameter names: b_competitor_best_x_distance9 FALSE
Error in select_parameters(complete_pars = parameter_names(x), explicit = pars,  : 
  Some 'pars' don't match parameter names: b_competitor_best_x_distance9 FALSE
Error in select_parameters(complete_pars = parameter_names(x), explicit = pars,  : 
  Some 'pars' don't match parameter names: b_competitor_best_x_distance9 FALSE
Error in select_parameters(complete_pars = parameter_names(x), explicit = pars,  : 
  Some 'pars' don't match parameter names: b_competitor_best_x_distance9 FALSE
Error in select_parameters(complete_pars = parameter_names(x), explicit = pars,  : 
  Some 'pars' don't match parameter names: b_competitor_best_x_distance14 FALSE
Error in select_parameters(complete_pars = parameter_names(x), explicit = pars,  : 
  Some 'pars' don't match parameter names: b_competitor_best_x_distance14 FALSE
Error in select_parameters(complete_pars = parameter_names(x), explicit = pars,  : 
  Some 'pars' don't match parameter names: b_competitor_best_x_distance14 FALSE
Error in select_parameters(complete_pars = parameter_names(x), explicit = pars,  : 
  Some 'pars' don't match parameter names: b_competitor_best_x_distance14 FALSE
Error in select_parameters(complete_pars = parameter_names(x), explicit = pars,  : 
  Some 'pars' don't match parameter names: b_competitor_worst_x_distance2 FALSE
Error in select_parameters(complete_pars = parameter_names(x), explicit = pars,  : 
  Some 'pars' don't match parameter names: b_competitor_worst_x_distance2 FALSE
Error in select_parameters(complete_pars = parameter_names(x), explicit = pars,  : 
  Some 'pars' don't match parameter names: b_competitor_worst_x_distance2 FALSE
Error in select_parameters(complete_pars = parameter_names(x), explicit = pars,  : 
  Some 'pars' don't match parameter names: b_competitor_worst_x_distance2 FALSE
Error in select_parameters(complete_pars = parameter_names(x), explicit = pars,  : 
  Some 'pars' don't match parameter names: b_competitor_worst_x_distance5 FALSE
Error in select_parameters(complete_pars = parameter_names(x), explicit = pars,  : 
  Some 'pars' don't match parameter names: b_competitor_worst_x_distance5 FALSE
Error in select_parameters(complete_pars = parameter_names(x), explicit = pars,  : 
  Some 'pars' don't match parameter names: b_competitor_worst_x_distance5 FALSE
Error in select_parameters(complete_pars = parameter_names(x), explicit = pars,  : 
  Some 'pars' don't match parameter names: b_competitor_worst_x_distance5 FALSE
Error in select_parameters(complete_pars = parameter_names(x), explicit = pars,  : 
  Some 'pars' don't match parameter names: b_competitor_worst_x_distance9 FALSE
Error in select_parameters(complete_pars = parameter_names(x), explicit = pars,  : 
  Some 'pars' don't match parameter names: b_competitor_worst_x_distance9 FALSE
Error in select_parameters(complete_pars = parameter_names(x), explicit = pars,  : 
  Some 'pars' don't match parameter names: b_competitor_worst_x_distance9 FALSE
Error in select_parameters(complete_pars = parameter_names(x), explicit = pars,  : 
  Some 'pars' don't match parameter names: b_competitor_worst_x_distance9 FALSE
Error in select_parameters(complete_pars = parameter_names(x), explicit = pars,  : 
  Some 'pars' don't match parameter names: b_competitor_worst_x_distance14 FALSE
Error in select_parameters(complete_pars = parameter_names(x), explicit = pars,  : 
  Some 'pars' don't match parameter names: b_competitor_worst_x_distance14 FALSE
Error in select_parameters(complete_pars = parameter_names(x), explicit = pars,  : 
  Some 'pars' don't match parameter names: b_competitor_worst_x_distance14 FALSE
Error in select_parameters(complete_pars = parameter_names(x), explicit = pars,  : 
  Some 'pars' don't match parameter names: b_competitor_worst_x_distance14 FALSE
Error in select_parameters(complete_pars = parameter_names(x), explicit = pars,  : 
  Some 'pars' don't match parameter names: b_decoy_best_x_distance2 FALSE
Error in select_parameters(complete_pars = parameter_names(x), explicit = pars,  : 
  Some 'pars' don't match parameter names: b_decoy_best_x_distance2 FALSE
Error in select_parameters(complete_pars = parameter_names(x), explicit = pars,  : 
  Some 'pars' don't match parameter names: b_decoy_best_x_distance2 FALSE
Error in select_parameters(complete_pars = parameter_names(x), explicit = pars,  : 
  Some 'pars' don't match parameter names: b_decoy_best_x_distance2 FALSE
Error in select_parameters(complete_pars = parameter_names(x), explicit = pars,  : 
  Some 'pars' don't match parameter names: b_decoy_best_x_distance5 FALSE
Error in select_parameters(complete_pars = parameter_names(x), explicit = pars,  : 
  Some 'pars' don't match parameter names: b_decoy_best_x_distance5 FALSE
Error in select_parameters(complete_pars = parameter_names(x), explicit = pars,  : 
  Some 'pars' don't match parameter names: b_decoy_best_x_distance5 FALSE
Error in select_parameters(complete_pars = parameter_names(x), explicit = pars,  : 
  Some 'pars' don't match parameter names: b_decoy_best_x_distance5 FALSE
Error in select_parameters(complete_pars = parameter_names(x), explicit = pars,  : 
  Some 'pars' don't match parameter names: b_decoy_best_x_distance9 FALSE
Error in select_parameters(complete_pars = parameter_names(x), explicit = pars,  : 
  Some 'pars' don't match parameter names: b_decoy_best_x_distance9 FALSE
Error in select_parameters(complete_pars = parameter_names(x), explicit = pars,  : 
  Some 'pars' don't match parameter names: b_decoy_best_x_distance9 FALSE
Error in select_parameters(complete_pars = parameter_names(x), explicit = pars,  : 
  Some 'pars' don't match parameter names: b_decoy_best_x_distance9 FALSE
Error in select_parameters(complete_pars = parameter_names(x), explicit = pars,  : 
  Some 'pars' don't match parameter names: b_decoy_best_x_distance14 FALSE
Error in select_parameters(complete_pars = parameter_names(x), explicit = pars,  : 
  Some 'pars' don't match parameter names: b_decoy_best_x_distance14 FALSE
Error in select_parameters(complete_pars = parameter_names(x), explicit = pars,  : 
  Some 'pars' don't match parameter names: b_decoy_best_x_distance14 FALSE
Error in select_parameters(complete_pars = parameter_names(x), explicit = pars,  : 
  Some 'pars' don't match parameter names: b_decoy_best_x_distance14 FALSE
Error in select_parameters(complete_pars = parameter_names(x), explicit = pars,  : 
  Some 'pars' don't match parameter names: b_decoy_worst_x_distance2 FALSE
Error in select_parameters(complete_pars = parameter_names(x), explicit = pars,  : 
  Some 'pars' don't match parameter names: b_decoy_worst_x_distance2 FALSE
Error in select_parameters(complete_pars = parameter_names(x), explicit = pars,  : 
  Some 'pars' don't match parameter names: b_decoy_worst_x_distance2 FALSE
Error in select_parameters(complete_pars = parameter_names(x), explicit = pars,  : 
  Some 'pars' don't match parameter names: b_decoy_worst_x_distance2 FALSE
Error in select_parameters(complete_pars = parameter_names(x), explicit = pars,  : 
  Some 'pars' don't match parameter names: b_decoy_worst_x_distance5 FALSE
Error in select_parameters(complete_pars = parameter_names(x), explicit = pars,  : 
  Some 'pars' don't match parameter names: b_decoy_worst_x_distance5 FALSE
Error in select_parameters(complete_pars = parameter_names(x), explicit = pars,  : 
  Some 'pars' don't match parameter names: b_decoy_worst_x_distance5 FALSE
Error in select_parameters(complete_pars = parameter_names(x), explicit = pars,  : 
  Some 'pars' don't match parameter names: b_decoy_worst_x_distance5 FALSE
Error in select_parameters(complete_pars = parameter_names(x), explicit = pars,  : 
  Some 'pars' don't match parameter names: b_decoy_worst_x_distance9 FALSE
Error in select_parameters(complete_pars = parameter_names(x), explicit = pars,  : 
  Some 'pars' don't match parameter names: b_decoy_worst_x_distance9 FALSE
Error in select_parameters(complete_pars = parameter_names(x), explicit = pars,  : 
  Some 'pars' don't match parameter names: b_decoy_worst_x_distance9 FALSE
Error in select_parameters(complete_pars = parameter_names(x), explicit = pars,  : 
  Some 'pars' don't match parameter names: b_decoy_worst_x_distance9 FALSE
Error in select_parameters(complete_pars = parameter_names(x), explicit = pars,  : 
  Some 'pars' don't match parameter names: b_decoy_worst_x_distance14 FALSE
Error in select_parameters(complete_pars = parameter_names(x), explicit = pars,  : 
  Some 'pars' don't match parameter names: b_decoy_worst_x_distance14 FALSE
Error in select_parameters(complete_pars = parameter_names(x), explicit = pars,  : 
  Some 'pars' don't match parameter names: b_decoy_worst_x_distance14 FALSE
Error in select_parameters(complete_pars = parameter_names(x), explicit = pars,  : 
  Some 'pars' don't match parameter names: b_decoy_worst_x_distance14 FALSE
`stat_bin()` using `bins = 30`. Pick better value with `binwidth`.
Error in select_parameters(complete_pars = parameter_names(x), explicit = pars,  : 
  Some 'pars' don't match parameter names: b_distance_2, b_distance_9, b_distance_14 FALSE
Error in select_parameters(complete_pars = parameter_names(x), explicit = pars,  : 
  Some 'pars' don't match parameter names: b_distance_2, b_distance_9, b_distance_14 FALSE

==========
== CUDA ==
==========

CUDA Version 11.8.0

Container image Copyright (c) 2016-2023, NVIDIA CORPORATION & AFFILIATES. All rights reserved.

This container image and its contents are governed by the NVIDIA Deep Learning Container License.
By pulling and using the container, you accept the terms and conditions of this license:
https://developer.nvidia.com/ngc/nvidia-deep-learning-container-license

A copy of this license is made available in this container at /NGC-DL-CONTAINER-LICENSE for your convenience.

WARNING: The NVIDIA Driver was not detected.  GPU functionality will not be available.
   Use the NVIDIA Container Toolkit to start this container with GPU support; see
   https://docs.nvidia.com/datacenter/cloud-native/ .

         used (Mb) gc trigger (Mb) max used (Mb)
Ncells 294494 15.8     692574   37   480246 25.7
Vcells 510873  3.9    8388608   64  1926884 14.8
here() starts at /work/pi_alc_umass_edu/spconway/scratch/bw
── Attaching core tidyverse packages ──────────────────────── tidyverse 2.0.0 ──
✔ dplyr     1.1.4     ✔ readr     2.1.5
✔ forcats   1.0.0     ✔ stringr   1.5.1
✔ ggplot2   3.5.1     ✔ tibble    3.2.1
✔ lubridate 1.9.3     ✔ tidyr     1.3.1
✔ purrr     1.0.2     
── Conflicts ────────────────────────────────────────── tidyverse_conflicts() ──
✖ dplyr::filter() masks stats::filter()
✖ dplyr::lag()    masks stats::lag()
ℹ Use the conflicted package (<http://conflicted.r-lib.org/>) to force all conflicts to become errors
Loading required package: StanHeaders

rstan version 2.32.6 (Stan version 2.32.2)

For execution on a local, multicore CPU with excess RAM we recommend calling
options(mc.cores = parallel::detectCores()).
To avoid recompilation of unchanged Stan programs, we recommend calling
rstan_options(auto_write = TRUE)
For within-chain threading using `reduce_sum()` or `map_rect()` Stan functions,
change `threads_per_chain` option:
rstan_options(threads_per_chain = 1)


Attaching package: ‘rstan’

The following object is masked from ‘package:tidyr’:

    extract

This is bayesplot version 1.11.1
- Online documentation and vignettes at mc-stan.org/bayesplot
- bayesplot theme set to bayesplot::theme_default()
   * Does _not_ affect other ggplot2 plots
   * See ?bayesplot_theme_set for details on theme setting
Error in readChar(con, 5L, useBytes = TRUE) : cannot open the connection
Calls: load -> readChar
In addition: Warning message:
In readChar(con, 5L, useBytes = TRUE) :
  cannot open compressed file '/work/pi_alc_umass_edu/spconway/scratch/bw/analysis/bayes/maxdiff_2/maxdiff_2_fit.RData', probable reason 'No such file or directory'
Execution halted

==========
== CUDA ==
==========

CUDA Version 11.8.0

Container image Copyright (c) 2016-2023, NVIDIA CORPORATION & AFFILIATES. All rights reserved.

This container image and its contents are governed by the NVIDIA Deep Learning Container License.
By pulling and using the container, you accept the terms and conditions of this license:
https://developer.nvidia.com/ngc/nvidia-deep-learning-container-license

A copy of this license is made available in this container at /NGC-DL-CONTAINER-LICENSE for your convenience.

WARNING: The NVIDIA Driver was not detected.  GPU functionality will not be available.
   Use the NVIDIA Container Toolkit to start this container with GPU support; see
   https://docs.nvidia.com/datacenter/cloud-native/ .

here() starts at /work/pi_alc_umass_edu/spconway/scratch/bw
── Attaching core tidyverse packages ──────────────────────── tidyverse 2.0.0 ──
✔ dplyr     1.1.4     ✔ readr     2.1.5
✔ forcats   1.0.0     ✔ stringr   1.5.1
✔ ggplot2   3.5.1     ✔ tibble    3.2.1
✔ lubridate 1.9.3     ✔ tidyr     1.3.1
✔ purrr     1.0.2     
── Conflicts ────────────────────────────────────────── tidyverse_conflicts() ──
✖ dplyr::filter() masks stats::filter()
✖ dplyr::lag()    masks stats::lag()
ℹ Use the conflicted package (<http://conflicted.r-lib.org/>) to force all conflicts to become errors
Loading required package: StanHeaders
slurmstepd-cpu052: error: *** JOB 35916532 ON cpu052 CANCELLED AT 2025-05-24T16:55:16 ***
