Loading r-rocker-ml-verse version 4.4.0+apptainer
Loading apptainer version latest

No apptainer cache directory found. To prevent apptainer from filling up your
home directory, you can create a new directory at
`/work/pi_<your_pi_name>/.apptainer/cache` and reload the module. 
here() starts at /work/pi_alc_umass_edu/spconway/scratch/bw
── Attaching core tidyverse packages ──────────────────────── tidyverse 2.0.0 ──
✔ dplyr     1.1.4     ✔ readr     2.1.5
✔ forcats   1.0.0     ✔ stringr   1.5.1
✔ ggplot2   3.5.1     ✔ tibble    3.2.1
✔ lubridate 1.9.3     ✔ tidyr     1.3.1
✔ purrr     1.0.2     
── Conflicts ────────────────────────────────────────── tidyverse_conflicts() ──
✖ dplyr::filter() masks stats::filter()
✖ dplyr::lag()    masks stats::lag()
ℹ Use the conflicted package (<http://conflicted.r-lib.org/>) to force all conflicts to become errors
Loading required package: future
Error: package or namespace load failed for ‘multinomineq’ in dyn.load(file, DLLpath = DLLpath, ...):
 unable to load shared object '/home/spconway_umass_edu/R/x86_64-pc-linux-gnu-library/4.4/multinomineq/libs/multinomineq.so':
  /usr/lib/x86_64-linux-gnu/libstdc++.so.6: version `GLIBCXX_3.4.32' not found (required by /home/spconway_umass_edu/R/x86_64-pc-linux-gnu-library/4.4/multinomineq/libs/multinomineq.so)
Execution halted
