Loading r-rocker-ml-verse version 4.4.0+apptainer
Loading apptainer version latest

No apptainer cache directory found. To prevent apptainer from filling up your
home directory, you can create a new directory at
`/work/pi_<your_pi_name>/.apptainer/cache` and reload the module. 
── Attaching core tidyverse packages ──────────────────────── tidyverse 2.0.0 ──
✔ dplyr     1.1.4     ✔ readr     2.1.5
✔ forcats   1.0.0     ✔ stringr   1.5.1
✔ ggplot2   3.5.1     ✔ tibble    3.2.1
✔ lubridate 1.9.3     ✔ tidyr     1.3.1
✔ purrr     1.0.2     
── Conflicts ────────────────────────────────────────── tidyverse_conflicts() ──
✖ dplyr::filter() masks stats::filter()
✖ dplyr::lag()    masks stats::lag()
ℹ Use the conflicted package (<http://conflicted.r-lib.org/>) to force all conflicts to become errors
here() starts at /work/pi_alc_umass_edu/spconway/scratch/bw
[1] "triangle"
[1] 2
[1] 5
[1] 9
[1] 14
# A tibble: 24 × 5
   order       n  prop distance disp_cond
   <chr>   <int> <dbl>    <dbl> <chr>    
 1 dct   1254337 0.125        2 triangle 
 2 tcd   1491619 0.149        2 triangle 
 3 dtc   1687613 0.169        2 triangle 
 4 cdt   1771741 0.177        2 triangle 
 5 tdc   1821662 0.182        2 triangle 
 6 ctd   1973028 0.197        2 triangle 
 7 dct   1257491 0.126        5 triangle 
 8 tcd   1488561 0.149        5 triangle 
 9 dtc   1690598 0.169        5 triangle 
10 cdt   1772895 0.177        5 triangle 
11 tdc   1820790 0.182        5 triangle 
12 ctd   1969665 0.197        5 triangle 
13 dct   1177075 0.118        9 triangle 
14 tcd   1576170 0.158        9 triangle 
15 dtc   1592594 0.159        9 triangle 
16 cdt   1748900 0.175        9 triangle 
17 tdc   1828553 0.183        9 triangle 
18 ctd   2076708 0.208        9 triangle 
19 dct   1047120 0.105       14 triangle 
20 dtc   1431141 0.143       14 triangle 
21 cdt   1697395 0.170       14 triangle 
22 tcd   1731697 0.173       14 triangle 
23 tdc   1834763 0.183       14 triangle 
24 ctd   2257884 0.226       14 triangle 
