Loading r-rocker-ml-verse version 4.4.0+apptainer
Loading apptainer version latest

No apptainer cache directory found. To prevent apptainer from filling up your
home directory, you can create a new directory at
`/work/pi_<your_pi_name>/.apptainer/cache` and reload the module. 
── Attaching core tidyverse packages ──────────────────────── tidyverse 2.0.0 ──
✔ dplyr     1.1.4     ✔ readr     2.1.5
✔ forcats   1.0.0     ✔ stringr   1.5.1
✔ ggplot2   3.5.1     ✔ tibble    3.2.1
✔ lubridate 1.9.3     ✔ tidyr     1.3.1
✔ purrr     1.0.2     
── Conflicts ────────────────────────────────────────── tidyverse_conflicts() ──
✖ dplyr::filter() masks stats::filter()
✖ dplyr::lag()    masks stats::lag()
ℹ Use the conflicted package (<http://conflicted.r-lib.org/>) to force all conflicts to become errors
here() starts at /work/pi_alc_umass_edu/spconway/scratch/bw
[1] "triangle"
[1] 2
[1] 5
[1] 9
[1] 14
# A tibble: 24 × 5
   order       n  prop distance disp_cond
   <chr>   <int> <dbl>    <dbl> <chr>    
 1 dct   1266142 0.127        2 triangle 
 2 tcd   1477998 0.148        2 triangle 
 3 dtc   1677796 0.168        2 triangle 
 4 tdc   1789341 0.179        2 triangle 
 5 cdt   1802795 0.180        2 triangle 
 6 ctd   1985928 0.199        2 triangle 
 7 dct   1267453 0.127        5 triangle 
 8 tcd   1473774 0.147        5 triangle 
 9 dtc   1678878 0.168        5 triangle 
10 tdc   1790488 0.179        5 triangle 
11 cdt   1806031 0.181        5 triangle 
12 ctd   1983376 0.198        5 triangle 
13 dct   1189973 0.119        9 triangle 
14 tcd   1560366 0.156        9 triangle 
15 dtc   1584963 0.158        9 triangle 
16 cdt   1779395 0.178        9 triangle 
17 tdc   1798897 0.180        9 triangle 
18 ctd   2086406 0.209        9 triangle 
19 dct   1059809 0.106       14 triangle 
20 dtc   1422020 0.142       14 triangle 
21 tcd   1717410 0.172       14 triangle 
22 cdt   1726459 0.173       14 triangle 
23 tdc   1803861 0.180       14 triangle 
24 ctd   2270441 0.227       14 triangle 
