Loading r-rocker-ml-verse version 4.4.0+apptainer
Loading apptainer version latest

No apptainer cache directory found. To prevent apptainer from filling up your
home directory, you can create a new directory at
`/work/pi_<your_pi_name>/.apptainer/cache` and reload the module. 
── Attaching core tidyverse packages ──────────────────────── tidyverse 2.0.0 ──
✔ dplyr     1.1.4     ✔ readr     2.1.5
✔ forcats   1.0.0     ✔ stringr   1.5.1
✔ ggplot2   3.5.1     ✔ tibble    3.2.1
✔ lubridate 1.9.3     ✔ tidyr     1.3.1
✔ purrr     1.0.2     
── Conflicts ────────────────────────────────────────── tidyverse_conflicts() ──
✖ dplyr::filter() masks stats::filter()
✖ dplyr::lag()    masks stats::lag()
ℹ Use the conflicted package (<http://conflicted.r-lib.org/>) to force all conflicts to become errors
here() starts at /work/pi_alc_umass_edu/spconway/scratch/bw
Rows: 24 Columns: 5
── Column specification ────────────────────────────────────────────────────────
Delimiter: ","
chr (2): order, disp_cond
dbl (3): n, prop, distance

ℹ Use `spec()` to retrieve the full column specification for this data.
ℹ Specify the column types or set `show_col_types = FALSE` to quiet this message.
# A tibble: 24 × 5
   order      n   prop distance disp_cond
   <chr>  <dbl>  <dbl>    <dbl> <chr>    
 1 dct    54615 0.109         2 triangle 
 2 dtc    73972 0.148         2 triangle 
 3 tcd    84729 0.169         2 triangle 
 4 cdt    85450 0.171         2 triangle 
 5 tdc    91425 0.183         2 triangle 
 6 ctd   109809 0.220         2 triangle 
 7 dct    39556 0.0791        5 triangle 
 8 dtc    54882 0.110         5 triangle 
 9 cdt    77472 0.155         5 triangle 
10 tdc    90397 0.181         5 triangle 
11 tcd   104875 0.210         5 triangle 
12 ctd   132818 0.266         5 triangle 
13 dct    21562 0.0431        9 triangle 
14 dtc    31073 0.0621        9 triangle 
15 cdt    59297 0.119         9 triangle 
16 tdc    79253 0.159         9 triangle 
17 tcd   139379 0.279         9 triangle 
18 ctd   169436 0.339         9 triangle 
19 dct    14470 0.0289       14 triangle 
20 dtc    21549 0.0431       14 triangle 
21 cdt    47798 0.0956       14 triangle 
22 tdc    69792 0.140        14 triangle 
23 tcd   158452 0.317        14 triangle 
24 ctd   187939 0.376        14 triangle 
