Loading r-rocker-ml-verse version 4.4.0+apptainer
Loading apptainer version latest

No apptainer cache directory found. To prevent apptainer from filling up your
home directory, you can create a new directory at
`/work/pi_<your_pi_name>/.apptainer/cache` and reload the module. 
── Attaching core tidyverse packages ──────────────────────── tidyverse 2.0.0 ──
✔ dplyr     1.1.4     ✔ readr     2.1.5
✔ forcats   1.0.0     ✔ stringr   1.5.1
✔ ggplot2   3.5.1     ✔ tibble    3.2.1
✔ lubridate 1.9.3     ✔ tidyr     1.3.1
✔ purrr     1.0.2     
── Conflicts ────────────────────────────────────────── tidyverse_conflicts() ──
✖ dplyr::filter() masks stats::filter()
✖ dplyr::lag()    masks stats::lag()
ℹ Use the conflicted package (<http://conflicted.r-lib.org/>) to force all conflicts to become errors
here() starts at /work/pi_alc_umass_edu/spconway/scratch/bw
[1] "triangle"
[1] 2
[1] 5
[1] 9
[1] 14
# A tibble: 24 × 5
   order       n  prop distance disp_cond
   <chr>   <int> <dbl>    <dbl> <chr>    
 1 dct   1535927 0.154        2 triangle 
 2 dtc   1544828 0.154        2 triangle 
 3 tdc   1666322 0.167        2 triangle 
 4 cdt   1668700 0.167        2 triangle 
 5 tcd   1786113 0.179        2 triangle 
 6 ctd   1798110 0.180        2 triangle 
 7 dct   1537281 0.154        5 triangle 
 8 dtc   1548124 0.155        5 triangle 
 9 tdc   1667731 0.167        5 triangle 
10 cdt   1667735 0.167        5 triangle 
11 tcd   1782164 0.178        5 triangle 
12 ctd   1796965 0.180        5 triangle 
13 dct   1453052 0.145        9 triangle 
14 dtc   1463455 0.146        9 triangle 
15 tdc   1660609 0.166        9 triangle 
16 cdt   1662014 0.166        9 triangle 
17 tcd   1874578 0.187        9 triangle 
18 ctd   1886292 0.189        9 triangle 
19 dct   1306830 0.131       14 triangle 
20 dtc   1317968 0.132       14 triangle 
21 cdt   1639525 0.164       14 triangle 
22 tdc   1645205 0.165       14 triangle 
23 tcd   2039674 0.204       14 triangle 
24 ctd   2050798 0.205       14 triangle 
