Loading r-rocker-ml-verse version 4.4.0+apptainer
Loading apptainer version latest

No apptainer cache directory found. To prevent apptainer from filling up your
home directory, you can create a new directory at
`/work/pi_<your_pi_name>/.apptainer/cache` and reload the module. 
── Attaching core tidyverse packages ──────────────────────── tidyverse 2.0.0 ──
✔ dplyr     1.1.4     ✔ readr     2.1.5
✔ forcats   1.0.0     ✔ stringr   1.5.1
✔ ggplot2   3.5.1     ✔ tibble    3.2.1
✔ lubridate 1.9.3     ✔ tidyr     1.3.1
✔ purrr     1.0.2     
── Conflicts ────────────────────────────────────────── tidyverse_conflicts() ──
✖ dplyr::filter() masks stats::filter()
✖ dplyr::lag()    masks stats::lag()
ℹ Use the conflicted package (<http://conflicted.r-lib.org/>) to force all conflicts to become errors
here() starts at /work/pi_alc_umass_edu/spconway/scratch/bw
[1] "triangle"
[1] 2
[1] 5
[1] 9
[1] 14
# A tibble: 24 × 5
   order       n   prop distance disp_cond
   <chr>   <int>  <dbl>    <dbl> <chr>    
 1 dct   1083162 0.108         2 triangle 
 2 dtc   1478696 0.148         2 triangle 
 3 tcd   1689815 0.169         2 triangle 
 4 cdt   1711416 0.171         2 triangle 
 5 tdc   1832917 0.183         2 triangle 
 6 ctd   2203994 0.220         2 triangle 
 7 dct    789930 0.0790        5 triangle 
 8 dtc   1104932 0.110         5 triangle 
 9 cdt   1548634 0.155         5 triangle 
10 tdc   1798178 0.180         5 triangle 
11 tcd   2097133 0.210         5 triangle 
12 ctd   2661193 0.266         5 triangle 
13 dct    431759 0.0432        9 triangle 
14 dtc    624265 0.0624        9 triangle 
15 cdt   1182963 0.118         9 triangle 
16 tdc   1583004 0.158         9 triangle 
17 tcd   2792835 0.279         9 triangle 
18 ctd   3385174 0.339         9 triangle 
19 dct    290980 0.0291       14 triangle 
20 dtc    428884 0.0429       14 triangle 
21 cdt    958810 0.0959       14 triangle 
22 tdc   1402400 0.140        14 triangle 
23 tcd   3171678 0.317        14 triangle 
24 ctd   3747248 0.375        14 triangle 
