Loading r-rocker-ml-verse version 4.4.0+apptainer
Loading apptainer version latest

No apptainer cache directory found. To prevent apptainer from filling up your
home directory, you can create a new directory at
`/work/pi_<your_pi_name>/.apptainer/cache` and reload the module. 

==========
== CUDA ==
==========

CUDA Version 11.8.0

Container image Copyright (c) 2016-2023, NVIDIA CORPORATION & AFFILIATES. All rights reserved.

This container image and its contents are governed by the NVIDIA Deep Learning Container License.
By pulling and using the container, you accept the terms and conditions of this license:
https://developer.nvidia.com/ngc/nvidia-deep-learning-container-license

A copy of this license is made available in this container at /NGC-DL-CONTAINER-LICENSE for your convenience.

WARNING: The NVIDIA Driver was not detected.  GPU functionality will not be available.
   Use the NVIDIA Container Toolkit to start this container with GPU support; see
   https://docs.nvidia.com/datacenter/cloud-native/ .

here() starts at /work/pi_alc_umass_edu/spconway/scratch/bw
── Attaching core tidyverse packages ──────────────────────── tidyverse 2.0.0 ──
✔ dplyr     1.1.4     ✔ readr     2.1.5
✔ forcats   1.0.0     ✔ stringr   1.5.1
✔ ggplot2   3.5.1     ✔ tibble    3.2.1
✔ lubridate 1.9.3     ✔ tidyr     1.3.1
✔ purrr     1.0.2     
── Conflicts ────────────────────────────────────────── tidyverse_conflicts() ──
✖ dplyr::filter() masks stats::filter()
✖ dplyr::lag()    masks stats::lag()
ℹ Use the conflicted package (<http://conflicted.r-lib.org/>) to force all conflicts to become errors
Loading required package: StanHeaders

rstan version 2.32.6 (Stan version 2.32.2)

For execution on a local, multicore CPU with excess RAM we recommend calling
options(mc.cores = parallel::detectCores()).
To avoid recompilation of unchanged Stan programs, we recommend calling
rstan_options(auto_write = TRUE)
For within-chain threading using `reduce_sum()` or `map_rect()` Stan functions,
change `threads_per_chain` option:
rstan_options(threads_per_chain = 1)


Attaching package: ‘rstan’

The following object is masked from ‘package:tidyr’:

    extract

This is bayesplot version 1.11.1
- Online documentation and vignettes at mc-stan.org/bayesplot
- bayesplot theme set to bayesplot::theme_default()
   * Does _not_ affect other ggplot2 plots
   * See ?bayesplot_theme_set for details on theme setting
Rows: 107727 Columns: 26
── Column specification ────────────────────────────────────────────────────────
Delimiter: ","
chr  (3): bw_cond, effect, set
dbl (23): sub_n, block_n, trial_n, distance, diag, h1, w1, h2, w2, h3, w3, a...

ℹ Use `spec()` to retrieve the full column specification for this data.
ℹ Specify the column types or set `show_col_types = FALSE` to quiet this message.
`summarise()` has grouped output by 'sub_n', 'set', 'distance'. You can
override using the `.groups` argument.
Joining with `by = join_by(sub_n)`
Error in file(fname, "rt") : cannot open the connection
In addition: Warning messages:
1: In normalizePath(file) :
  path[1]="/work/pi_alc_umass_edu/spconway/scratch/bw/analysis/bayes/maxdiff_3/maxdiff_3.stan": No such file or directory
2: In file(fname, "rt") :
  cannot open file '/work/pi_alc_umass_edu/spconway/scratch/bw/analysis/bayes/maxdiff_3/maxdiff_3.stan': No such file or directory
Error in get_model_strcode(file, model_code) : 
  cannot open model file "/work/pi_alc_umass_edu/spconway/scratch/bw/analysis/bayes/maxdiff_3/maxdiff_3.stan"
Calls: stan_model -> stanc -> stanc_process -> get_model_strcode
Execution halted
