Loading r-rocker-ml-verse version 4.4.0+apptainer
Loading apptainer version latest

No apptainer cache directory found. To prevent apptainer from filling up your
home directory, you can create a new directory at
`/work/pi_<your_pi_name>/.apptainer/cache` and reload the module. 
── Attaching core tidyverse packages ──────────────────────── tidyverse 2.0.0 ──
✔ dplyr     1.1.4     ✔ readr     2.1.5
✔ forcats   1.0.0     ✔ stringr   1.5.1
✔ ggplot2   3.5.1     ✔ tibble    3.2.1
✔ lubridate 1.9.3     ✔ tidyr     1.3.1
✔ purrr     1.0.2     
── Conflicts ────────────────────────────────────────── tidyverse_conflicts() ──
✖ dplyr::filter() masks stats::filter()
✖ dplyr::lag()    masks stats::lag()
ℹ Use the conflicted package (<http://conflicted.r-lib.org/>) to force all conflicts to become errors
here() starts at /work/pi_alc_umass_edu/spconway/scratch/bw
[1] "triangle"
[1] 2
[1] 5
[1] 9
[1] 14
# A tibble: 24 × 5
   order       n  prop distance disp_cond
   <chr>   <int> <dbl>    <dbl> <chr>    
 1 dtc   1531224 0.153        2 triangle 
 2 dct   1548535 0.155        2 triangle 
 3 tdc   1641558 0.164        2 triangle 
 4 cdt   1694177 0.169        2 triangle 
 5 tcd   1769915 0.177        2 triangle 
 6 ctd   1814591 0.181        2 triangle 
 7 dtc   1536631 0.154        5 triangle 
 8 dct   1549697 0.155        5 triangle 
 9 tdc   1640538 0.164        5 triangle 
10 cdt   1696784 0.170        5 triangle 
11 tcd   1766746 0.177        5 triangle 
12 ctd   1809604 0.181        5 triangle 
13 dtc   1449857 0.145        9 triangle 
14 dct   1464263 0.146        9 triangle 
15 tdc   1634020 0.163        9 triangle 
16 cdt   1688998 0.169        9 triangle 
17 tcd   1858383 0.186        9 triangle 
18 ctd   1904479 0.190        9 triangle 
19 dtc   1310002 0.131       14 triangle 
20 dct   1319774 0.132       14 triangle 
21 tdc   1610444 0.161       14 triangle 
22 cdt   1668508 0.167       14 triangle 
23 tcd   2021975 0.202       14 triangle 
24 ctd   2069297 0.207       14 triangle 
