28.4194 	INFO 	Loaded monitor calibration from ['2023_04_13 15:13']
28.7892 	EXP 	Created window1 = Window(allowGUI=True, allowStencil=False, autoLog=True, backendConf=UNKNOWN, backgroundFit=<method-wrapper '__getattribute__' of attributeSetter object at 0x1344262c0>, backgroundImage=<method-wrapper '__getattribute__' of attributeSetter object at 0x134426320>, bitsMode=UNKNOWN, blendMode='avg', bpc=(8, 8, 8), color=array([1, 1, 1]), colorSpace='rgb', depthBits=8, fullscr=<method-wrapper '__getattribute__' of attributeSetter object at 0x134426500>, gamma=None, gammaErrorPolicy='raise', infoMsg=UNKNOWN, lms=UNKNOWN, monitor=<psychopy.monitors.calibTools.Monitor object at 0x134276950>, multiSample=False, name='window1', numSamples=2, pos=[520.0, 300.0], screen=0, size=array([1600, 1200]), stencilBits=0, stereo=False, title='PsychoPy', units='pix', useFBO=True, useRetina=True, viewOri=0.0, viewPos=None, viewScale=None, waitBlanking=True, winType='pyglet')
28.7893 	EXP 	window1: backgroundImage = ''
28.7893 	EXP 	window1: backgroundFit = 'none'
28.7897 	EXP 	window1: mouseVisible = <method-wrapper '__getattribute__' of attributeSetter object at 0x1344261a0>
28.7900 	EXP 	window1: mouseVisible = <method-wrapper '__getattribute__' of attributeSetter object at 0x1344261a0>
28.7973 	EXP 	window1: mouseVisible = <method-wrapper '__getattribute__' of attributeSetter object at 0x1344261a0>
28.7985 	EXP 	window1: mouseVisible = <method-wrapper '__getattribute__' of attributeSetter object at 0x1344261a0>
28.8273 	DEBUG 	TextBox2 loaded 1 chars with 0 blanks and 1 valid
28.8286 	DEBUG 	TextBox2 loaded 1 chars with 0 blanks and 1 valid
28.8298 	DEBUG 	TextBox2 loaded 1 chars with 0 blanks and 1 valid
28.8313 	DEBUG 	TextBox2 loaded 1 chars with 0 blanks and 1 valid
28.8328 	DEBUG 	TextBox2 loaded 1 chars with 0 blanks and 1 valid
28.8335 	DEBUG 	TextBox2 loaded 1 chars with 0 blanks and 1 valid
28.8347 	DEBUG 	TextBox2 loaded 1 chars with 0 blanks and 1 valid
28.8362 	DEBUG 	TextBox2 loaded 1 chars with 0 blanks and 1 valid
28.8367 	DEBUG 	TextBox2 loaded 1 chars with 0 blanks and 1 valid
28.8373 	DEBUG 	TextBox2 loaded 1 chars with 0 blanks and 1 valid
28.8385 	DEBUG 	TextBox2 loaded 1 chars with 0 blanks and 1 valid
28.8396 	DEBUG 	TextBox2 loaded 1 chars with 0 blanks and 1 valid
28.8407 	DEBUG 	TextBox2 loaded 1 chars with 0 blanks and 1 valid
28.8419 	DEBUG 	TextBox2 loaded 1 chars with 0 blanks and 1 valid
28.8429 	DEBUG 	TextBox2 loaded 1 chars with 0 blanks and 1 valid
28.8441 	DEBUG 	TextBox2 loaded 1 chars with 0 blanks and 1 valid
28.8453 	DEBUG 	TextBox2 loaded 1 chars with 0 blanks and 1 valid
28.8460 	DEBUG 	TextBox2 loaded 1 chars with 0 blanks and 1 valid
28.8467 	DEBUG 	TextBox2 loaded 1 chars with 0 blanks and 1 valid
28.8483 	DEBUG 	TextBox2 loaded 1 chars with 0 blanks and 1 valid
28.8489 	DEBUG 	TextBox2 loaded 1 chars with 0 blanks and 1 valid
28.8521 	DEBUG 	Uploading Texture Font fontname to graphics card
28.8551 	DEBUG 	Upload of Texture Font fontname complete
28.8574 	EXP 	window1: mouseVisible = <method-wrapper '__getattribute__' of attributeSetter object at 0x1344261a0>
28.8576 	EXP 	window1: mouseVisible = <method-wrapper '__getattribute__' of attributeSetter object at 0x1344261a0>
28.8586 	EXP 	window1: mouseVisible = <method-wrapper '__getattribute__' of attributeSetter object at 0x1344261a0>
28.8596 	EXP 	window1: mouseVisible = <method-wrapper '__getattribute__' of attributeSetter object at 0x1344261a0>
28.8662 	DEBUG 	TextBox2 loaded 1 chars with 0 blanks and 1 valid
28.8678 	DEBUG 	TextBox2 loaded 1 chars with 0 blanks and 1 valid
28.8693 	DEBUG 	TextBox2 loaded 1 chars with 0 blanks and 1 valid
28.8697 	DEBUG 	Uploading Texture Font fontname to graphics card
28.8706 	DEBUG 	Upload of Texture Font fontname complete
28.8736 	EXP 	window1: Attempting to measure frame rate of screen (0) ...
28.8736 	EXP 	window1: recordFrameIntervals = False
29.4162 	EXP 	window1: recordFrameIntervals = True
29.9497 	EXP 	Screen (0) actual frame rate measured at 120.06Hz
29.9497 	EXP 	window1: recordFrameIntervals = False
29.9499 	EXP 	window1: mouseVisible = True
29.9508 	EXP 	window1: mouseVisible = True
29.9510 	EXP 	window1: mouseVisible = True
29.9522 	EXP 	window1: mouseVisible = True
29.9532 	EXP 	window1: mouseVisible = True
29.9601 	DEBUG 	TextBox2 loaded 1 chars with 0 blanks and 1 valid
29.9620 	DEBUG 	TextBox2 loaded 1 chars with 0 blanks and 1 valid
29.9639 	DEBUG 	TextBox2 loaded 1 chars with 0 blanks and 1 valid
29.9657 	DEBUG 	TextBox2 loaded 1 chars with 0 blanks and 1 valid
29.9674 	DEBUG 	TextBox2 loaded 1 chars with 0 blanks and 1 valid
29.9690 	DEBUG 	TextBox2 loaded 1 chars with 0 blanks and 1 valid
29.9698 	DEBUG 	TextBox2 loaded 1 chars with 0 blanks and 1 valid
29.9713 	DEBUG 	TextBox2 loaded 1 chars with 0 blanks and 1 valid
29.9730 	DEBUG 	TextBox2 loaded 1 chars with 0 blanks and 1 valid
29.9745 	DEBUG 	TextBox2 loaded 1 chars with 0 blanks and 1 valid
29.9750 	DEBUG 	Uploading Texture Font fontname to graphics card
29.9784 	DEBUG 	Upload of Texture Font fontname complete
29.9811 	EXP 	window1: mouseVisible = True
29.9812 	EXP 	window1: mouseVisible = True
29.9822 	EXP 	window1: mouseVisible = True
29.9832 	EXP 	window1: mouseVisible = True
30.0081 	WARNING 	launchHubServer: If using the iohub mouse or eyetracker devices, fullScr should be True.
35.2976 	INFO 	keyboard.Keyboard is using iohub backend.
35.2978 	INFO 	keyboard.Keyboard is using iohub backend.
35.2979 	EXP 	bw: status = STARTED
35.2994 	EXP 	window1: mouseVisible = True
35.3040 	EXP 	Created r1 = Rect(__class__=<class 'psychopy.visual.rect.Rect'>, anchor=('center', 'center'), autoDraw=False, autoLog=True, closeShape=True, color=method-wrapper(...), colorSpace='rgb', contrast=None, depth=0.0, draggable=False, fillColor=array([0.00392157, 0.00392157, 0.00392157]), fillColorSpace='rgb', fillRGB=array([0.00392157, 0.00392157, 0.00392157]), interpolate=True, lineColor=array([-1., -1., -1.]), lineColorSpace='rgb', lineRGB=array([-1, -1, -1]), lineWidth=2.0, name='r1', opacity=1, ori=0.0, pos=array([-200.,    0.]), size=array([200., 150.]), units='pix', vertices=ndarray(...), win=Window(...))
35.3042 	EXP 	window1: mouseVisible = True
35.3062 	EXP 	Created r2 = Rect(__class__=<class 'psychopy.visual.rect.Rect'>, anchor=('center', 'center'), autoDraw=False, autoLog=True, closeShape=True, color=method-wrapper(...), colorSpace='rgb', contrast=None, depth=-1.0, draggable=False, fillColor=array([0.00392157, 0.00392157, 0.00392157]), fillColorSpace='rgb', fillRGB=array([0.00392157, 0.00392157, 0.00392157]), interpolate=True, lineColor=array([-1., -1., -1.]), lineColorSpace='rgb', lineRGB=array([-1, -1, -1]), lineWidth=2.0, name='r2', opacity=1, ori=0.0, pos=array([  0., 150.]), size=array([150., 200.]), units='pix', vertices=ndarray(...), win=Window(...))
35.3063 	EXP 	window1: mouseVisible = True
35.3082 	EXP 	Created r3 = Rect(__class__=<class 'psychopy.visual.rect.Rect'>, anchor=('center', 'center'), autoDraw=False, autoLog=True, closeShape=True, color=method-wrapper(...), colorSpace='rgb', contrast=None, depth=-2.0, draggable=False, fillColor=array([0.00392157, 0.00392157, 0.00392157]), fillColorSpace='rgb', fillRGB=array([0.00392157, 0.00392157, 0.00392157]), interpolate=True, lineColor=array([-1., -1., -1.]), lineColorSpace='rgb', lineRGB=array([-1, -1, -1]), lineWidth=2.0, name='r3', opacity=1, ori=0.0, pos=array([200.,   0.]), size=array([200., 110.]), units='pix', vertices=ndarray(...), win=Window(...))
0.0634 	INFO 	Keyboard events cleared
0.0621 	EXP 	r1: autoDraw = True
0.0621 	EXP 	r2: autoDraw = True
0.0621 	EXP 	r3: autoDraw = True
5.7607 	DATA 	Keypress: escape
6.0916 	EXP 	bw: status = STOPPED
6.0996 	EXP 	r1: autoDraw = False
6.0996 	EXP 	r2: autoDraw = False
6.0996 	EXP 	r3: autoDraw = False
6.1033 	EXP 	bw: status = STOPPED
6.1059 	INFO 	saved data to '/Users/seanconway/Research/Perceptual_CE/bw/experiment_code/data/415767_bw_2024-10-01_15h49.19.963.csv'
6.1070 	INFO 	saved data to /Users/seanconway/Research/Perceptual_CE/bw/experiment_code/data/415767_bw_2024-10-01_15h49.19.963.psydat
6.1344 	EXP 	window1: mouseVisible = True
6.5592 	DEBUG 	Saving data for bw ExperimentHandler
